2025-10-15 12:36:40.526 | INFO     | __main__:main:19 - Starting main function
2025-10-15 12:36:40.526 | INFO     | __main__:main:19 - Starting main function
2025-10-15 12:36:40.526 | INFO     | __main__:main:19 - Starting main function
2025-10-15 12:36:40.534 | LINEAGE  | leanage_logger:log_lineage:39 - [LINEAGE] source: OpenAQ | target: Requests | tool: Python | process: Requests from OpenAQ | edge_type: data_flow
2025-10-15 12:36:40.534 | LINEAGE  | leanage_logger:log_lineage:39 - [LINEAGE] source: OpenAQ | target: Requests | tool: Python | process: Requests from OpenAQ | edge_type: data_flow
2025-10-15 12:36:40.534 | LINEAGE  | leanage_logger:log_lineage:39 - [LINEAGE] source: OpenAQ | target: Requests | tool: Python | process: Requests from OpenAQ | edge_type: data_flow
2025-10-15 12:36:41.444 | LINEAGE  | leanage_logger:log_lineage:39 - [LINEAGE] source: Requests | target: Validation | tool: Python | process: Validation data | edge_type: data_flow
2025-10-15 12:36:41.444 | LINEAGE  | leanage_logger:log_lineage:39 - [LINEAGE] source: Requests | target: Validation | tool: Python | process: Validation data | edge_type: data_flow
2025-10-15 12:36:41.444 | LINEAGE  | leanage_logger:log_lineage:39 - [LINEAGE] source: Requests | target: Validation | tool: Python | process: Validation data | edge_type: data_flow
2025-10-15 12:36:41.446 | LINEAGE  | leanage_logger:log_lineage:39 - [LINEAGE] source: Validation | target: Transform | tool: Python | process: Transform data | edge_type: data_flow
2025-10-15 12:36:41.446 | LINEAGE  | leanage_logger:log_lineage:39 - [LINEAGE] source: Validation | target: Transform | tool: Python | process: Transform data | edge_type: data_flow
2025-10-15 12:36:41.446 | LINEAGE  | leanage_logger:log_lineage:39 - [LINEAGE] source: Validation | target: Transform | tool: Python | process: Transform data | edge_type: data_flow
2025-10-15 12:36:41.447 | LINEAGE  | leanage_logger:log_lineage:39 - [LINEAGE] source: Transform | target: Database | tool: Python | process: Send to database | edge_type: data_flow
2025-10-15 12:36:41.447 | LINEAGE  | leanage_logger:log_lineage:39 - [LINEAGE] source: Transform | target: Database | tool: Python | process: Send to database | edge_type: data_flow
2025-10-15 12:36:41.447 | LINEAGE  | leanage_logger:log_lineage:39 - [LINEAGE] source: Transform | target: Database | tool: Python | process: Send to database | edge_type: data_flow
2025-10-15 12:36:41.494 | SUCCESS  | __main__:main:65 - Data successfully inserted into database - Period 1  - Start Date : 2025-01-02
2025-10-15 12:36:41.494 | SUCCESS  | __main__:main:65 - Data successfully inserted into database - Period 1  - Start Date : 2025-01-02
2025-10-15 12:36:41.494 | SUCCESS  | __main__:main:65 - Data successfully inserted into database - Period 1  - Start Date : 2025-01-02
2025-10-15 12:36:41.495 | LINEAGE  | leanage_logger:log_lineage:39 - [LINEAGE] source: OpenAQ | target: Requests | tool: Python | process: Requests from OpenAQ | edge_type: data_flow
2025-10-15 12:36:41.495 | LINEAGE  | leanage_logger:log_lineage:39 - [LINEAGE] source: OpenAQ | target: Requests | tool: Python | process: Requests from OpenAQ | edge_type: data_flow
2025-10-15 12:36:41.495 | LINEAGE  | leanage_logger:log_lineage:39 - [LINEAGE] source: OpenAQ | target: Requests | tool: Python | process: Requests from OpenAQ | edge_type: data_flow
2025-10-15 12:36:42.111 | LINEAGE  | leanage_logger:log_lineage:39 - [LINEAGE] source: Requests | target: Validation | tool: Python | process: Validation data | edge_type: data_flow
2025-10-15 12:36:42.111 | LINEAGE  | leanage_logger:log_lineage:39 - [LINEAGE] source: Requests | target: Validation | tool: Python | process: Validation data | edge_type: data_flow
2025-10-15 12:36:42.111 | LINEAGE  | leanage_logger:log_lineage:39 - [LINEAGE] source: Requests | target: Validation | tool: Python | process: Validation data | edge_type: data_flow
2025-10-15 12:36:42.112 | LINEAGE  | leanage_logger:log_lineage:39 - [LINEAGE] source: Validation | target: Transform | tool: Python | process: Transform data | edge_type: data_flow
2025-10-15 12:36:42.112 | LINEAGE  | leanage_logger:log_lineage:39 - [LINEAGE] source: Validation | target: Transform | tool: Python | process: Transform data | edge_type: data_flow
2025-10-15 12:36:42.112 | LINEAGE  | leanage_logger:log_lineage:39 - [LINEAGE] source: Validation | target: Transform | tool: Python | process: Transform data | edge_type: data_flow
2025-10-15 12:36:42.113 | LINEAGE  | leanage_logger:log_lineage:39 - [LINEAGE] source: Transform | target: Database | tool: Python | process: Send to database | edge_type: data_flow
2025-10-15 12:36:42.113 | LINEAGE  | leanage_logger:log_lineage:39 - [LINEAGE] source: Transform | target: Database | tool: Python | process: Send to database | edge_type: data_flow
2025-10-15 12:36:42.113 | LINEAGE  | leanage_logger:log_lineage:39 - [LINEAGE] source: Transform | target: Database | tool: Python | process: Send to database | edge_type: data_flow
2025-10-15 12:36:42.138 | SUCCESS  | __main__:main:65 - Data successfully inserted into database - Period 2  - Start Date : 2025-01-03
2025-10-15 12:36:42.138 | SUCCESS  | __main__:main:65 - Data successfully inserted into database - Period 2  - Start Date : 2025-01-03
2025-10-15 12:36:42.138 | SUCCESS  | __main__:main:65 - Data successfully inserted into database - Period 2  - Start Date : 2025-01-03
2025-10-15 12:36:42.140 | LINEAGE  | leanage_logger:log_lineage:39 - [LINEAGE] source: OpenAQ | target: Requests | tool: Python | process: Requests from OpenAQ | edge_type: data_flow
2025-10-15 12:36:42.140 | LINEAGE  | leanage_logger:log_lineage:39 - [LINEAGE] source: OpenAQ | target: Requests | tool: Python | process: Requests from OpenAQ | edge_type: data_flow
2025-10-15 12:36:42.140 | LINEAGE  | leanage_logger:log_lineage:39 - [LINEAGE] source: OpenAQ | target: Requests | tool: Python | process: Requests from OpenAQ | edge_type: data_flow
2025-10-15 12:36:42.571 | LINEAGE  | leanage_logger:log_lineage:39 - [LINEAGE] source: Requests | target: Validation | tool: Python | process: Validation data | edge_type: data_flow
2025-10-15 12:36:42.571 | LINEAGE  | leanage_logger:log_lineage:39 - [LINEAGE] source: Requests | target: Validation | tool: Python | process: Validation data | edge_type: data_flow
2025-10-15 12:36:42.571 | LINEAGE  | leanage_logger:log_lineage:39 - [LINEAGE] source: Requests | target: Validation | tool: Python | process: Validation data | edge_type: data_flow
2025-10-15 12:36:42.573 | LINEAGE  | leanage_logger:log_lineage:39 - [LINEAGE] source: Validation | target: Transform | tool: Python | process: Transform data | edge_type: data_flow
2025-10-15 12:36:42.573 | LINEAGE  | leanage_logger:log_lineage:39 - [LINEAGE] source: Validation | target: Transform | tool: Python | process: Transform data | edge_type: data_flow
2025-10-15 12:36:42.573 | LINEAGE  | leanage_logger:log_lineage:39 - [LINEAGE] source: Validation | target: Transform | tool: Python | process: Transform data | edge_type: data_flow
2025-10-15 12:36:42.574 | LINEAGE  | leanage_logger:log_lineage:39 - [LINEAGE] source: Transform | target: Database | tool: Python | process: Send to database | edge_type: data_flow
2025-10-15 12:36:42.574 | LINEAGE  | leanage_logger:log_lineage:39 - [LINEAGE] source: Transform | target: Database | tool: Python | process: Send to database | edge_type: data_flow
2025-10-15 12:36:42.574 | LINEAGE  | leanage_logger:log_lineage:39 - [LINEAGE] source: Transform | target: Database | tool: Python | process: Send to database | edge_type: data_flow
2025-10-15 12:36:42.601 | SUCCESS  | __main__:main:65 - Data successfully inserted into database - Period 3  - Start Date : 2025-01-04
2025-10-15 12:36:42.601 | SUCCESS  | __main__:main:65 - Data successfully inserted into database - Period 3  - Start Date : 2025-01-04
2025-10-15 12:36:42.601 | SUCCESS  | __main__:main:65 - Data successfully inserted into database - Period 3  - Start Date : 2025-01-04
2025-10-15 12:36:42.602 | LINEAGE  | leanage_logger:log_lineage:39 - [LINEAGE] source: OpenAQ | target: Requests | tool: Python | process: Requests from OpenAQ | edge_type: data_flow
2025-10-15 12:36:42.602 | LINEAGE  | leanage_logger:log_lineage:39 - [LINEAGE] source: OpenAQ | target: Requests | tool: Python | process: Requests from OpenAQ | edge_type: data_flow
2025-10-15 12:36:42.602 | LINEAGE  | leanage_logger:log_lineage:39 - [LINEAGE] source: OpenAQ | target: Requests | tool: Python | process: Requests from OpenAQ | edge_type: data_flow
2025-10-15 12:36:42.980 | LINEAGE  | leanage_logger:log_lineage:39 - [LINEAGE] source: Requests | target: Validation | tool: Python | process: Validation data | edge_type: data_flow
2025-10-15 12:36:42.980 | LINEAGE  | leanage_logger:log_lineage:39 - [LINEAGE] source: Requests | target: Validation | tool: Python | process: Validation data | edge_type: data_flow
2025-10-15 12:36:42.980 | LINEAGE  | leanage_logger:log_lineage:39 - [LINEAGE] source: Requests | target: Validation | tool: Python | process: Validation data | edge_type: data_flow
2025-10-15 12:36:42.981 | LINEAGE  | leanage_logger:log_lineage:39 - [LINEAGE] source: Validation | target: Transform | tool: Python | process: Transform data | edge_type: data_flow
2025-10-15 12:36:42.981 | LINEAGE  | leanage_logger:log_lineage:39 - [LINEAGE] source: Validation | target: Transform | tool: Python | process: Transform data | edge_type: data_flow
2025-10-15 12:36:42.981 | LINEAGE  | leanage_logger:log_lineage:39 - [LINEAGE] source: Validation | target: Transform | tool: Python | process: Transform data | edge_type: data_flow
2025-10-15 12:36:42.982 | LINEAGE  | leanage_logger:log_lineage:39 - [LINEAGE] source: Transform | target: Database | tool: Python | process: Send to database | edge_type: data_flow
2025-10-15 12:36:42.982 | LINEAGE  | leanage_logger:log_lineage:39 - [LINEAGE] source: Transform | target: Database | tool: Python | process: Send to database | edge_type: data_flow
2025-10-15 12:36:42.982 | LINEAGE  | leanage_logger:log_lineage:39 - [LINEAGE] source: Transform | target: Database | tool: Python | process: Send to database | edge_type: data_flow
2025-10-15 12:36:43.022 | SUCCESS  | __main__:main:65 - Data successfully inserted into database - Period 4  - Start Date : 2025-01-05
2025-10-15 12:36:43.022 | SUCCESS  | __main__:main:65 - Data successfully inserted into database - Period 4  - Start Date : 2025-01-05
2025-10-15 12:36:43.022 | SUCCESS  | __main__:main:65 - Data successfully inserted into database - Period 4  - Start Date : 2025-01-05
2025-10-15 12:36:43.023 | LINEAGE  | leanage_logger:log_lineage:39 - [LINEAGE] source: OpenAQ | target: Requests | tool: Python | process: Requests from OpenAQ | edge_type: data_flow
2025-10-15 12:36:43.023 | LINEAGE  | leanage_logger:log_lineage:39 - [LINEAGE] source: OpenAQ | target: Requests | tool: Python | process: Requests from OpenAQ | edge_type: data_flow
2025-10-15 12:36:43.023 | LINEAGE  | leanage_logger:log_lineage:39 - [LINEAGE] source: OpenAQ | target: Requests | tool: Python | process: Requests from OpenAQ | edge_type: data_flow
2025-10-15 12:36:43.390 | LINEAGE  | leanage_logger:log_lineage:39 - [LINEAGE] source: Requests | target: Validation | tool: Python | process: Validation data | edge_type: data_flow
2025-10-15 12:36:43.390 | LINEAGE  | leanage_logger:log_lineage:39 - [LINEAGE] source: Requests | target: Validation | tool: Python | process: Validation data | edge_type: data_flow
2025-10-15 12:36:43.390 | LINEAGE  | leanage_logger:log_lineage:39 - [LINEAGE] source: Requests | target: Validation | tool: Python | process: Validation data | edge_type: data_flow
2025-10-15 12:36:43.391 | LINEAGE  | leanage_logger:log_lineage:39 - [LINEAGE] source: Validation | target: Transform | tool: Python | process: Transform data | edge_type: data_flow
2025-10-15 12:36:43.391 | LINEAGE  | leanage_logger:log_lineage:39 - [LINEAGE] source: Validation | target: Transform | tool: Python | process: Transform data | edge_type: data_flow
2025-10-15 12:36:43.391 | LINEAGE  | leanage_logger:log_lineage:39 - [LINEAGE] source: Validation | target: Transform | tool: Python | process: Transform data | edge_type: data_flow
2025-10-15 12:36:43.392 | LINEAGE  | leanage_logger:log_lineage:39 - [LINEAGE] source: Transform | target: Database | tool: Python | process: Send to database | edge_type: data_flow
2025-10-15 12:36:43.392 | LINEAGE  | leanage_logger:log_lineage:39 - [LINEAGE] source: Transform | target: Database | tool: Python | process: Send to database | edge_type: data_flow
2025-10-15 12:36:43.392 | LINEAGE  | leanage_logger:log_lineage:39 - [LINEAGE] source: Transform | target: Database | tool: Python | process: Send to database | edge_type: data_flow
2025-10-15 12:36:43.417 | SUCCESS  | __main__:main:65 - Data successfully inserted into database - Period 5  - Start Date : 2025-01-06
2025-10-15 12:36:43.417 | SUCCESS  | __main__:main:65 - Data successfully inserted into database - Period 5  - Start Date : 2025-01-06
2025-10-15 12:36:43.417 | SUCCESS  | __main__:main:65 - Data successfully inserted into database - Period 5  - Start Date : 2025-01-06
2025-10-15 12:36:43.420 | LINEAGE  | leanage_logger:log_lineage:39 - [LINEAGE] source: OpenAQ | target: Requests | tool: Python | process: Requests from OpenAQ | edge_type: data_flow
2025-10-15 12:36:43.420 | LINEAGE  | leanage_logger:log_lineage:39 - [LINEAGE] source: OpenAQ | target: Requests | tool: Python | process: Requests from OpenAQ | edge_type: data_flow
2025-10-15 12:36:43.420 | LINEAGE  | leanage_logger:log_lineage:39 - [LINEAGE] source: OpenAQ | target: Requests | tool: Python | process: Requests from OpenAQ | edge_type: data_flow
2025-10-15 12:36:43.996 | LINEAGE  | leanage_logger:log_lineage:39 - [LINEAGE] source: Requests | target: Validation | tool: Python | process: Validation data | edge_type: data_flow
2025-10-15 12:36:43.996 | LINEAGE  | leanage_logger:log_lineage:39 - [LINEAGE] source: Requests | target: Validation | tool: Python | process: Validation data | edge_type: data_flow
2025-10-15 12:36:43.996 | LINEAGE  | leanage_logger:log_lineage:39 - [LINEAGE] source: Requests | target: Validation | tool: Python | process: Validation data | edge_type: data_flow
2025-10-15 12:36:43.998 | LINEAGE  | leanage_logger:log_lineage:39 - [LINEAGE] source: Validation | target: Transform | tool: Python | process: Transform data | edge_type: data_flow
2025-10-15 12:36:43.998 | LINEAGE  | leanage_logger:log_lineage:39 - [LINEAGE] source: Validation | target: Transform | tool: Python | process: Transform data | edge_type: data_flow
2025-10-15 12:36:43.998 | LINEAGE  | leanage_logger:log_lineage:39 - [LINEAGE] source: Validation | target: Transform | tool: Python | process: Transform data | edge_type: data_flow
2025-10-15 12:36:43.999 | LINEAGE  | leanage_logger:log_lineage:39 - [LINEAGE] source: Transform | target: Database | tool: Python | process: Send to database | edge_type: data_flow
2025-10-15 12:36:43.999 | LINEAGE  | leanage_logger:log_lineage:39 - [LINEAGE] source: Transform | target: Database | tool: Python | process: Send to database | edge_type: data_flow
2025-10-15 12:36:43.999 | LINEAGE  | leanage_logger:log_lineage:39 - [LINEAGE] source: Transform | target: Database | tool: Python | process: Send to database | edge_type: data_flow
2025-10-15 12:36:44.035 | SUCCESS  | __main__:main:65 - Data successfully inserted into database - Period 6  - Start Date : 2025-01-07
2025-10-15 12:36:44.035 | SUCCESS  | __main__:main:65 - Data successfully inserted into database - Period 6  - Start Date : 2025-01-07
2025-10-15 12:36:44.035 | SUCCESS  | __main__:main:65 - Data successfully inserted into database - Period 6  - Start Date : 2025-01-07
2025-10-15 12:36:44.037 | LINEAGE  | leanage_logger:log_lineage:39 - [LINEAGE] source: OpenAQ | target: Requests | tool: Python | process: Requests from OpenAQ | edge_type: data_flow
2025-10-15 12:36:44.037 | LINEAGE  | leanage_logger:log_lineage:39 - [LINEAGE] source: OpenAQ | target: Requests | tool: Python | process: Requests from OpenAQ | edge_type: data_flow
2025-10-15 12:36:44.037 | LINEAGE  | leanage_logger:log_lineage:39 - [LINEAGE] source: OpenAQ | target: Requests | tool: Python | process: Requests from OpenAQ | edge_type: data_flow
2025-10-15 12:36:44.615 | LINEAGE  | leanage_logger:log_lineage:39 - [LINEAGE] source: Requests | target: Validation | tool: Python | process: Validation data | edge_type: data_flow
2025-10-15 12:36:44.615 | LINEAGE  | leanage_logger:log_lineage:39 - [LINEAGE] source: Requests | target: Validation | tool: Python | process: Validation data | edge_type: data_flow
2025-10-15 12:36:44.615 | LINEAGE  | leanage_logger:log_lineage:39 - [LINEAGE] source: Requests | target: Validation | tool: Python | process: Validation data | edge_type: data_flow
2025-10-15 12:36:44.616 | LINEAGE  | leanage_logger:log_lineage:39 - [LINEAGE] source: Validation | target: Transform | tool: Python | process: Transform data | edge_type: data_flow
2025-10-15 12:36:44.616 | LINEAGE  | leanage_logger:log_lineage:39 - [LINEAGE] source: Validation | target: Transform | tool: Python | process: Transform data | edge_type: data_flow
2025-10-15 12:36:44.616 | LINEAGE  | leanage_logger:log_lineage:39 - [LINEAGE] source: Validation | target: Transform | tool: Python | process: Transform data | edge_type: data_flow
2025-10-15 12:36:44.617 | LINEAGE  | leanage_logger:log_lineage:39 - [LINEAGE] source: Transform | target: Database | tool: Python | process: Send to database | edge_type: data_flow
2025-10-15 12:36:44.617 | LINEAGE  | leanage_logger:log_lineage:39 - [LINEAGE] source: Transform | target: Database | tool: Python | process: Send to database | edge_type: data_flow
2025-10-15 12:36:44.617 | LINEAGE  | leanage_logger:log_lineage:39 - [LINEAGE] source: Transform | target: Database | tool: Python | process: Send to database | edge_type: data_flow
2025-10-15 12:36:44.643 | SUCCESS  | __main__:main:65 - Data successfully inserted into database - Period 7  - Start Date : 2025-01-08
2025-10-15 12:36:44.643 | SUCCESS  | __main__:main:65 - Data successfully inserted into database - Period 7  - Start Date : 2025-01-08
2025-10-15 12:36:44.643 | SUCCESS  | __main__:main:65 - Data successfully inserted into database - Period 7  - Start Date : 2025-01-08
2025-10-15 12:36:44.644 | LINEAGE  | leanage_logger:log_lineage:39 - [LINEAGE] source: OpenAQ | target: Requests | tool: Python | process: Requests from OpenAQ | edge_type: data_flow
2025-10-15 12:36:44.644 | LINEAGE  | leanage_logger:log_lineage:39 - [LINEAGE] source: OpenAQ | target: Requests | tool: Python | process: Requests from OpenAQ | edge_type: data_flow
2025-10-15 12:36:44.644 | LINEAGE  | leanage_logger:log_lineage:39 - [LINEAGE] source: OpenAQ | target: Requests | tool: Python | process: Requests from OpenAQ | edge_type: data_flow
2025-10-15 12:36:45.028 | LINEAGE  | leanage_logger:log_lineage:39 - [LINEAGE] source: Requests | target: Validation | tool: Python | process: Validation data | edge_type: data_flow
2025-10-15 12:36:45.028 | LINEAGE  | leanage_logger:log_lineage:39 - [LINEAGE] source: Requests | target: Validation | tool: Python | process: Validation data | edge_type: data_flow
2025-10-15 12:36:45.028 | LINEAGE  | leanage_logger:log_lineage:39 - [LINEAGE] source: Requests | target: Validation | tool: Python | process: Validation data | edge_type: data_flow
2025-10-15 12:36:45.029 | LINEAGE  | leanage_logger:log_lineage:39 - [LINEAGE] source: Validation | target: Transform | tool: Python | process: Transform data | edge_type: data_flow
2025-10-15 12:36:45.029 | LINEAGE  | leanage_logger:log_lineage:39 - [LINEAGE] source: Validation | target: Transform | tool: Python | process: Transform data | edge_type: data_flow
2025-10-15 12:36:45.029 | LINEAGE  | leanage_logger:log_lineage:39 - [LINEAGE] source: Validation | target: Transform | tool: Python | process: Transform data | edge_type: data_flow
2025-10-15 12:36:45.030 | LINEAGE  | leanage_logger:log_lineage:39 - [LINEAGE] source: Transform | target: Database | tool: Python | process: Send to database | edge_type: data_flow
2025-10-15 12:36:45.030 | LINEAGE  | leanage_logger:log_lineage:39 - [LINEAGE] source: Transform | target: Database | tool: Python | process: Send to database | edge_type: data_flow
2025-10-15 12:36:45.030 | LINEAGE  | leanage_logger:log_lineage:39 - [LINEAGE] source: Transform | target: Database | tool: Python | process: Send to database | edge_type: data_flow
2025-10-15 12:36:45.050 | SUCCESS  | __main__:main:65 - Data successfully inserted into database - Period 8  - Start Date : 2025-01-09
2025-10-15 12:36:45.050 | SUCCESS  | __main__:main:65 - Data successfully inserted into database - Period 8  - Start Date : 2025-01-09
2025-10-15 12:36:45.050 | SUCCESS  | __main__:main:65 - Data successfully inserted into database - Period 8  - Start Date : 2025-01-09
2025-10-15 12:36:45.050 | LINEAGE  | leanage_logger:log_lineage:39 - [LINEAGE] source: OpenAQ | target: Requests | tool: Python | process: Requests from OpenAQ | edge_type: data_flow
2025-10-15 12:36:45.050 | LINEAGE  | leanage_logger:log_lineage:39 - [LINEAGE] source: OpenAQ | target: Requests | tool: Python | process: Requests from OpenAQ | edge_type: data_flow
2025-10-15 12:36:45.050 | LINEAGE  | leanage_logger:log_lineage:39 - [LINEAGE] source: OpenAQ | target: Requests | tool: Python | process: Requests from OpenAQ | edge_type: data_flow
2025-10-15 12:36:45.643 | LINEAGE  | leanage_logger:log_lineage:39 - [LINEAGE] source: Requests | target: Validation | tool: Python | process: Validation data | edge_type: data_flow
2025-10-15 12:36:45.643 | LINEAGE  | leanage_logger:log_lineage:39 - [LINEAGE] source: Requests | target: Validation | tool: Python | process: Validation data | edge_type: data_flow
2025-10-15 12:36:45.643 | LINEAGE  | leanage_logger:log_lineage:39 - [LINEAGE] source: Requests | target: Validation | tool: Python | process: Validation data | edge_type: data_flow
2025-10-15 12:36:45.644 | LINEAGE  | leanage_logger:log_lineage:39 - [LINEAGE] source: Validation | target: Transform | tool: Python | process: Transform data | edge_type: data_flow
2025-10-15 12:36:45.644 | LINEAGE  | leanage_logger:log_lineage:39 - [LINEAGE] source: Validation | target: Transform | tool: Python | process: Transform data | edge_type: data_flow
2025-10-15 12:36:45.644 | LINEAGE  | leanage_logger:log_lineage:39 - [LINEAGE] source: Validation | target: Transform | tool: Python | process: Transform data | edge_type: data_flow
2025-10-15 12:36:45.645 | LINEAGE  | leanage_logger:log_lineage:39 - [LINEAGE] source: Transform | target: Database | tool: Python | process: Send to database | edge_type: data_flow
2025-10-15 12:36:45.645 | LINEAGE  | leanage_logger:log_lineage:39 - [LINEAGE] source: Transform | target: Database | tool: Python | process: Send to database | edge_type: data_flow
2025-10-15 12:36:45.645 | LINEAGE  | leanage_logger:log_lineage:39 - [LINEAGE] source: Transform | target: Database | tool: Python | process: Send to database | edge_type: data_flow
2025-10-15 12:36:45.676 | SUCCESS  | __main__:main:65 - Data successfully inserted into database - Period 9  - Start Date : 2025-01-10
2025-10-15 12:36:45.676 | SUCCESS  | __main__:main:65 - Data successfully inserted into database - Period 9  - Start Date : 2025-01-10
2025-10-15 12:36:45.676 | SUCCESS  | __main__:main:65 - Data successfully inserted into database - Period 9  - Start Date : 2025-01-10
2025-10-15 12:36:45.677 | LINEAGE  | leanage_logger:log_lineage:39 - [LINEAGE] source: OpenAQ | target: Requests | tool: Python | process: Requests from OpenAQ | edge_type: data_flow
2025-10-15 12:36:45.677 | LINEAGE  | leanage_logger:log_lineage:39 - [LINEAGE] source: OpenAQ | target: Requests | tool: Python | process: Requests from OpenAQ | edge_type: data_flow
2025-10-15 12:36:45.677 | LINEAGE  | leanage_logger:log_lineage:39 - [LINEAGE] source: OpenAQ | target: Requests | tool: Python | process: Requests from OpenAQ | edge_type: data_flow
2025-10-15 12:36:46.051 | LINEAGE  | leanage_logger:log_lineage:39 - [LINEAGE] source: Requests | target: Validation | tool: Python | process: Validation data | edge_type: data_flow
2025-10-15 12:36:46.051 | LINEAGE  | leanage_logger:log_lineage:39 - [LINEAGE] source: Requests | target: Validation | tool: Python | process: Validation data | edge_type: data_flow
2025-10-15 12:36:46.051 | LINEAGE  | leanage_logger:log_lineage:39 - [LINEAGE] source: Requests | target: Validation | tool: Python | process: Validation data | edge_type: data_flow
2025-10-15 12:36:46.052 | LINEAGE  | leanage_logger:log_lineage:39 - [LINEAGE] source: Validation | target: Transform | tool: Python | process: Transform data | edge_type: data_flow
2025-10-15 12:36:46.052 | LINEAGE  | leanage_logger:log_lineage:39 - [LINEAGE] source: Validation | target: Transform | tool: Python | process: Transform data | edge_type: data_flow
2025-10-15 12:36:46.052 | LINEAGE  | leanage_logger:log_lineage:39 - [LINEAGE] source: Validation | target: Transform | tool: Python | process: Transform data | edge_type: data_flow
2025-10-15 12:36:46.052 | LINEAGE  | leanage_logger:log_lineage:39 - [LINEAGE] source: Transform | target: Database | tool: Python | process: Send to database | edge_type: data_flow
2025-10-15 12:36:46.052 | LINEAGE  | leanage_logger:log_lineage:39 - [LINEAGE] source: Transform | target: Database | tool: Python | process: Send to database | edge_type: data_flow
2025-10-15 12:36:46.052 | LINEAGE  | leanage_logger:log_lineage:39 - [LINEAGE] source: Transform | target: Database | tool: Python | process: Send to database | edge_type: data_flow
2025-10-15 12:36:46.070 | SUCCESS  | __main__:main:65 - Data successfully inserted into database - Period 10  - Start Date : 2025-01-11
2025-10-15 12:36:46.070 | SUCCESS  | __main__:main:65 - Data successfully inserted into database - Period 10  - Start Date : 2025-01-11
2025-10-15 12:36:46.070 | SUCCESS  | __main__:main:65 - Data successfully inserted into database - Period 10  - Start Date : 2025-01-11
