2025-10-15 10:59:56 | INFO | Starting main function
2025-10-15 10:59:56 | LINEAGE | [LINEAGE] source: OpenAQ | target: Requests | tool: Python | process: Requests from OpenAQ | edge_type: data_flow
2025-10-15 10:59:57 | LINEAGE | [LINEAGE] source: Requests | target: Validation | tool: Python | process: Validation data | edge_type: data_flow
2025-10-15 10:59:57 | LINEAGE | [LINEAGE] source: Validation | target: Transform | tool: Python | process: Transform data | edge_type: data_flow
2025-10-15 10:59:57 | LINEAGE | [LINEAGE] source: Transform | target: Database | tool: Python | process: Send to database | edge_type: data_flow
2025-10-15 10:59:57 | SUCCESS | Data successfully inserted into database - Period 1  - Start Date : 2025-01-02
2025-10-15 10:59:57 | LINEAGE | [LINEAGE] source: OpenAQ | target: Requests | tool: Python | process: Requests from OpenAQ | edge_type: data_flow
2025-10-15 10:59:57 | LINEAGE | [LINEAGE] source: Requests | target: Validation | tool: Python | process: Validation data | edge_type: data_flow
2025-10-15 10:59:57 | LINEAGE | [LINEAGE] source: Validation | target: Transform | tool: Python | process: Transform data | edge_type: data_flow
2025-10-15 10:59:57 | LINEAGE | [LINEAGE] source: Transform | target: Database | tool: Python | process: Send to database | edge_type: data_flow
2025-10-15 10:59:57 | SUCCESS | Data successfully inserted into database - Period 2  - Start Date : 2025-01-03
2025-10-15 10:59:57 | LINEAGE | [LINEAGE] source: OpenAQ | target: Requests | tool: Python | process: Requests from OpenAQ | edge_type: data_flow
2025-10-15 10:59:58 | LINEAGE | [LINEAGE] source: Requests | target: Validation | tool: Python | process: Validation data | edge_type: data_flow
2025-10-15 10:59:58 | LINEAGE | [LINEAGE] source: Validation | target: Transform | tool: Python | process: Transform data | edge_type: data_flow
2025-10-15 10:59:58 | LINEAGE | [LINEAGE] source: Transform | target: Database | tool: Python | process: Send to database | edge_type: data_flow
2025-10-15 10:59:58 | SUCCESS | Data successfully inserted into database - Period 3  - Start Date : 2025-01-04
2025-10-15 10:59:58 | LINEAGE | [LINEAGE] source: OpenAQ | target: Requests | tool: Python | process: Requests from OpenAQ | edge_type: data_flow
2025-10-15 10:59:58 | LINEAGE | [LINEAGE] source: Requests | target: Validation | tool: Python | process: Validation data | edge_type: data_flow
2025-10-15 10:59:58 | LINEAGE | [LINEAGE] source: Validation | target: Transform | tool: Python | process: Transform data | edge_type: data_flow
2025-10-15 10:59:58 | LINEAGE | [LINEAGE] source: Transform | target: Database | tool: Python | process: Send to database | edge_type: data_flow
2025-10-15 10:59:59 | SUCCESS | Data successfully inserted into database - Period 4  - Start Date : 2025-01-05
2025-10-15 10:59:59 | LINEAGE | [LINEAGE] source: OpenAQ | target: Requests | tool: Python | process: Requests from OpenAQ | edge_type: data_flow
2025-10-15 10:59:59 | LINEAGE | [LINEAGE] source: Requests | target: Validation | tool: Python | process: Validation data | edge_type: data_flow
2025-10-15 10:59:59 | LINEAGE | [LINEAGE] source: Validation | target: Transform | tool: Python | process: Transform data | edge_type: data_flow
2025-10-15 10:59:59 | LINEAGE | [LINEAGE] source: Transform | target: Database | tool: Python | process: Send to database | edge_type: data_flow
2025-10-15 10:59:59 | SUCCESS | Data successfully inserted into database - Period 5  - Start Date : 2025-01-06
2025-10-15 10:59:59 | LINEAGE | [LINEAGE] source: OpenAQ | target: Requests | tool: Python | process: Requests from OpenAQ | edge_type: data_flow
2025-10-15 10:59:59 | LINEAGE | [LINEAGE] source: Requests | target: Validation | tool: Python | process: Validation data | edge_type: data_flow
2025-10-15 10:59:59 | LINEAGE | [LINEAGE] source: Validation | target: Transform | tool: Python | process: Transform data | edge_type: data_flow
2025-10-15 10:59:59 | LINEAGE | [LINEAGE] source: Transform | target: Database | tool: Python | process: Send to database | edge_type: data_flow
2025-10-15 10:59:59 | SUCCESS | Data successfully inserted into database - Period 6  - Start Date : 2025-01-07
2025-10-15 10:59:59 | LINEAGE | [LINEAGE] source: OpenAQ | target: Requests | tool: Python | process: Requests from OpenAQ | edge_type: data_flow
2025-10-15 11:00:00 | LINEAGE | [LINEAGE] source: Requests | target: Validation | tool: Python | process: Validation data | edge_type: data_flow
2025-10-15 11:00:00 | LINEAGE | [LINEAGE] source: Validation | target: Transform | tool: Python | process: Transform data | edge_type: data_flow
2025-10-15 11:00:00 | LINEAGE | [LINEAGE] source: Transform | target: Database | tool: Python | process: Send to database | edge_type: data_flow
2025-10-15 11:00:00 | SUCCESS | Data successfully inserted into database - Period 7  - Start Date : 2025-01-08
2025-10-15 11:00:00 | LINEAGE | [LINEAGE] source: OpenAQ | target: Requests | tool: Python | process: Requests from OpenAQ | edge_type: data_flow
2025-10-15 11:00:00 | LINEAGE | [LINEAGE] source: Requests | target: Validation | tool: Python | process: Validation data | edge_type: data_flow
2025-10-15 11:00:00 | LINEAGE | [LINEAGE] source: Validation | target: Transform | tool: Python | process: Transform data | edge_type: data_flow
2025-10-15 11:00:00 | LINEAGE | [LINEAGE] source: Transform | target: Database | tool: Python | process: Send to database | edge_type: data_flow
2025-10-15 11:00:00 | SUCCESS | Data successfully inserted into database - Period 8  - Start Date : 2025-01-09
2025-10-15 11:00:00 | LINEAGE | [LINEAGE] source: OpenAQ | target: Requests | tool: Python | process: Requests from OpenAQ | edge_type: data_flow
2025-10-15 11:00:01 | LINEAGE | [LINEAGE] source: Requests | target: Validation | tool: Python | process: Validation data | edge_type: data_flow
2025-10-15 11:00:01 | LINEAGE | [LINEAGE] source: Validation | target: Transform | tool: Python | process: Transform data | edge_type: data_flow
2025-10-15 11:00:01 | LINEAGE | [LINEAGE] source: Transform | target: Database | tool: Python | process: Send to database | edge_type: data_flow
2025-10-15 11:00:01 | SUCCESS | Data successfully inserted into database - Period 9  - Start Date : 2025-01-10
2025-10-15 11:00:01 | LINEAGE | [LINEAGE] source: OpenAQ | target: Requests | tool: Python | process: Requests from OpenAQ | edge_type: data_flow
2025-10-15 11:00:01 | LINEAGE | [LINEAGE] source: Requests | target: Validation | tool: Python | process: Validation data | edge_type: data_flow
2025-10-15 11:00:01 | LINEAGE | [LINEAGE] source: Validation | target: Transform | tool: Python | process: Transform data | edge_type: data_flow
2025-10-15 11:00:01 | LINEAGE | [LINEAGE] source: Transform | target: Database | tool: Python | process: Send to database | edge_type: data_flow
2025-10-15 11:00:01 | SUCCESS | Data successfully inserted into database - Period 10  - Start Date : 2025-01-11
2025-10-15 12:36:40 | INFO | Starting main function
2025-10-15 12:36:40 | LINEAGE | [LINEAGE] source: OpenAQ | target: Requests | tool: Python | process: Requests from OpenAQ | edge_type: data_flow
2025-10-15 12:36:41 | LINEAGE | [LINEAGE] source: Requests | target: Validation | tool: Python | process: Validation data | edge_type: data_flow
2025-10-15 12:36:41 | LINEAGE | [LINEAGE] source: Validation | target: Transform | tool: Python | process: Transform data | edge_type: data_flow
2025-10-15 12:36:41 | LINEAGE | [LINEAGE] source: Transform | target: Database | tool: Python | process: Send to database | edge_type: data_flow
2025-10-15 12:36:41 | SUCCESS | Data successfully inserted into database - Period 1  - Start Date : 2025-01-02
2025-10-15 12:36:41 | LINEAGE | [LINEAGE] source: OpenAQ | target: Requests | tool: Python | process: Requests from OpenAQ | edge_type: data_flow
2025-10-15 12:36:42 | LINEAGE | [LINEAGE] source: Requests | target: Validation | tool: Python | process: Validation data | edge_type: data_flow
2025-10-15 12:36:42 | LINEAGE | [LINEAGE] source: Validation | target: Transform | tool: Python | process: Transform data | edge_type: data_flow
2025-10-15 12:36:42 | LINEAGE | [LINEAGE] source: Transform | target: Database | tool: Python | process: Send to database | edge_type: data_flow
2025-10-15 12:36:42 | SUCCESS | Data successfully inserted into database - Period 2  - Start Date : 2025-01-03
2025-10-15 12:36:42 | LINEAGE | [LINEAGE] source: OpenAQ | target: Requests | tool: Python | process: Requests from OpenAQ | edge_type: data_flow
2025-10-15 12:36:42 | LINEAGE | [LINEAGE] source: Requests | target: Validation | tool: Python | process: Validation data | edge_type: data_flow
2025-10-15 12:36:42 | LINEAGE | [LINEAGE] source: Validation | target: Transform | tool: Python | process: Transform data | edge_type: data_flow
2025-10-15 12:36:42 | LINEAGE | [LINEAGE] source: Transform | target: Database | tool: Python | process: Send to database | edge_type: data_flow
2025-10-15 12:36:42 | SUCCESS | Data successfully inserted into database - Period 3  - Start Date : 2025-01-04
2025-10-15 12:36:42 | LINEAGE | [LINEAGE] source: OpenAQ | target: Requests | tool: Python | process: Requests from OpenAQ | edge_type: data_flow
2025-10-15 12:36:42 | LINEAGE | [LINEAGE] source: Requests | target: Validation | tool: Python | process: Validation data | edge_type: data_flow
2025-10-15 12:36:42 | LINEAGE | [LINEAGE] source: Validation | target: Transform | tool: Python | process: Transform data | edge_type: data_flow
2025-10-15 12:36:42 | LINEAGE | [LINEAGE] source: Transform | target: Database | tool: Python | process: Send to database | edge_type: data_flow
2025-10-15 12:36:43 | SUCCESS | Data successfully inserted into database - Period 4  - Start Date : 2025-01-05
2025-10-15 12:36:43 | LINEAGE | [LINEAGE] source: OpenAQ | target: Requests | tool: Python | process: Requests from OpenAQ | edge_type: data_flow
2025-10-15 12:36:43 | LINEAGE | [LINEAGE] source: Requests | target: Validation | tool: Python | process: Validation data | edge_type: data_flow
2025-10-15 12:36:43 | LINEAGE | [LINEAGE] source: Validation | target: Transform | tool: Python | process: Transform data | edge_type: data_flow
2025-10-15 12:36:43 | LINEAGE | [LINEAGE] source: Transform | target: Database | tool: Python | process: Send to database | edge_type: data_flow
2025-10-15 12:36:43 | SUCCESS | Data successfully inserted into database - Period 5  - Start Date : 2025-01-06
2025-10-15 12:36:43 | LINEAGE | [LINEAGE] source: OpenAQ | target: Requests | tool: Python | process: Requests from OpenAQ | edge_type: data_flow
2025-10-15 12:36:43 | LINEAGE | [LINEAGE] source: Requests | target: Validation | tool: Python | process: Validation data | edge_type: data_flow
2025-10-15 12:36:43 | LINEAGE | [LINEAGE] source: Validation | target: Transform | tool: Python | process: Transform data | edge_type: data_flow
2025-10-15 12:36:43 | LINEAGE | [LINEAGE] source: Transform | target: Database | tool: Python | process: Send to database | edge_type: data_flow
2025-10-15 12:36:44 | SUCCESS | Data successfully inserted into database - Period 6  - Start Date : 2025-01-07
2025-10-15 12:36:44 | LINEAGE | [LINEAGE] source: OpenAQ | target: Requests | tool: Python | process: Requests from OpenAQ | edge_type: data_flow
2025-10-15 12:36:44 | LINEAGE | [LINEAGE] source: Requests | target: Validation | tool: Python | process: Validation data | edge_type: data_flow
2025-10-15 12:36:44 | LINEAGE | [LINEAGE] source: Validation | target: Transform | tool: Python | process: Transform data | edge_type: data_flow
2025-10-15 12:36:44 | LINEAGE | [LINEAGE] source: Transform | target: Database | tool: Python | process: Send to database | edge_type: data_flow
2025-10-15 12:36:44 | SUCCESS | Data successfully inserted into database - Period 7  - Start Date : 2025-01-08
2025-10-15 12:36:44 | LINEAGE | [LINEAGE] source: OpenAQ | target: Requests | tool: Python | process: Requests from OpenAQ | edge_type: data_flow
2025-10-15 12:36:45 | LINEAGE | [LINEAGE] source: Requests | target: Validation | tool: Python | process: Validation data | edge_type: data_flow
2025-10-15 12:36:45 | LINEAGE | [LINEAGE] source: Validation | target: Transform | tool: Python | process: Transform data | edge_type: data_flow
2025-10-15 12:36:45 | LINEAGE | [LINEAGE] source: Transform | target: Database | tool: Python | process: Send to database | edge_type: data_flow
2025-10-15 12:36:45 | SUCCESS | Data successfully inserted into database - Period 8  - Start Date : 2025-01-09
2025-10-15 12:36:45 | LINEAGE | [LINEAGE] source: OpenAQ | target: Requests | tool: Python | process: Requests from OpenAQ | edge_type: data_flow
2025-10-15 12:36:45 | LINEAGE | [LINEAGE] source: Requests | target: Validation | tool: Python | process: Validation data | edge_type: data_flow
2025-10-15 12:36:45 | LINEAGE | [LINEAGE] source: Validation | target: Transform | tool: Python | process: Transform data | edge_type: data_flow
2025-10-15 12:36:45 | LINEAGE | [LINEAGE] source: Transform | target: Database | tool: Python | process: Send to database | edge_type: data_flow
2025-10-15 12:36:45 | SUCCESS | Data successfully inserted into database - Period 9  - Start Date : 2025-01-10
2025-10-15 12:36:45 | LINEAGE | [LINEAGE] source: OpenAQ | target: Requests | tool: Python | process: Requests from OpenAQ | edge_type: data_flow
2025-10-15 12:36:46 | LINEAGE | [LINEAGE] source: Requests | target: Validation | tool: Python | process: Validation data | edge_type: data_flow
2025-10-15 12:36:46 | LINEAGE | [LINEAGE] source: Validation | target: Transform | tool: Python | process: Transform data | edge_type: data_flow
2025-10-15 12:36:46 | LINEAGE | [LINEAGE] source: Transform | target: Database | tool: Python | process: Send to database | edge_type: data_flow
2025-10-15 12:36:46 | SUCCESS | Data successfully inserted into database - Period 10  - Start Date : 2025-01-11
