2025-10-15 10:59:56.885 | INFO     | __main__:main:19 - Starting main function
2025-10-15 10:59:56.885 | INFO     | __main__:main:19 - Starting main function
2025-10-15 10:59:56.885 | INFO     | __main__:main:19 - Starting main function
2025-10-15 10:59:56.891 | LINEAGE  | leanage_logger:log_lineage:39 - [LINEAGE] source: OpenAQ | target: Requests | tool: Python | process: Requests from OpenAQ | edge_type: data_flow
2025-10-15 10:59:56.891 | LINEAGE  | leanage_logger:log_lineage:39 - [LINEAGE] source: OpenAQ | target: Requests | tool: Python | process: Requests from OpenAQ | edge_type: data_flow
2025-10-15 10:59:56.891 | LINEAGE  | leanage_logger:log_lineage:39 - [LINEAGE] source: OpenAQ | target: Requests | tool: Python | process: Requests from OpenAQ | edge_type: data_flow
2025-10-15 10:59:57.553 | LINEAGE  | leanage_logger:log_lineage:39 - [LINEAGE] source: Requests | target: Validation | tool: Python | process: Validation data | edge_type: data_flow
2025-10-15 10:59:57.553 | LINEAGE  | leanage_logger:log_lineage:39 - [LINEAGE] source: Requests | target: Validation | tool: Python | process: Validation data | edge_type: data_flow
2025-10-15 10:59:57.553 | LINEAGE  | leanage_logger:log_lineage:39 - [LINEAGE] source: Requests | target: Validation | tool: Python | process: Validation data | edge_type: data_flow
2025-10-15 10:59:57.554 | LINEAGE  | leanage_logger:log_lineage:39 - [LINEAGE] source: Validation | target: Transform | tool: Python | process: Transform data | edge_type: data_flow
2025-10-15 10:59:57.554 | LINEAGE  | leanage_logger:log_lineage:39 - [LINEAGE] source: Validation | target: Transform | tool: Python | process: Transform data | edge_type: data_flow
2025-10-15 10:59:57.554 | LINEAGE  | leanage_logger:log_lineage:39 - [LINEAGE] source: Validation | target: Transform | tool: Python | process: Transform data | edge_type: data_flow
2025-10-15 10:59:57.556 | LINEAGE  | leanage_logger:log_lineage:39 - [LINEAGE] source: Transform | target: Database | tool: Python | process: Send to database | edge_type: data_flow
2025-10-15 10:59:57.556 | LINEAGE  | leanage_logger:log_lineage:39 - [LINEAGE] source: Transform | target: Database | tool: Python | process: Send to database | edge_type: data_flow
2025-10-15 10:59:57.556 | LINEAGE  | leanage_logger:log_lineage:39 - [LINEAGE] source: Transform | target: Database | tool: Python | process: Send to database | edge_type: data_flow
2025-10-15 10:59:57.575 | SUCCESS  | __main__:main:65 - Data successfully inserted into database - Period 1  - Start Date : 2025-01-02
2025-10-15 10:59:57.575 | SUCCESS  | __main__:main:65 - Data successfully inserted into database - Period 1  - Start Date : 2025-01-02
2025-10-15 10:59:57.575 | SUCCESS  | __main__:main:65 - Data successfully inserted into database - Period 1  - Start Date : 2025-01-02
2025-10-15 10:59:57.576 | LINEAGE  | leanage_logger:log_lineage:39 - [LINEAGE] source: OpenAQ | target: Requests | tool: Python | process: Requests from OpenAQ | edge_type: data_flow
2025-10-15 10:59:57.576 | LINEAGE  | leanage_logger:log_lineage:39 - [LINEAGE] source: OpenAQ | target: Requests | tool: Python | process: Requests from OpenAQ | edge_type: data_flow
2025-10-15 10:59:57.576 | LINEAGE  | leanage_logger:log_lineage:39 - [LINEAGE] source: OpenAQ | target: Requests | tool: Python | process: Requests from OpenAQ | edge_type: data_flow
2025-10-15 10:59:57.962 | LINEAGE  | leanage_logger:log_lineage:39 - [LINEAGE] source: Requests | target: Validation | tool: Python | process: Validation data | edge_type: data_flow
2025-10-15 10:59:57.962 | LINEAGE  | leanage_logger:log_lineage:39 - [LINEAGE] source: Requests | target: Validation | tool: Python | process: Validation data | edge_type: data_flow
2025-10-15 10:59:57.962 | LINEAGE  | leanage_logger:log_lineage:39 - [LINEAGE] source: Requests | target: Validation | tool: Python | process: Validation data | edge_type: data_flow
2025-10-15 10:59:57.962 | LINEAGE  | leanage_logger:log_lineage:39 - [LINEAGE] source: Validation | target: Transform | tool: Python | process: Transform data | edge_type: data_flow
2025-10-15 10:59:57.962 | LINEAGE  | leanage_logger:log_lineage:39 - [LINEAGE] source: Validation | target: Transform | tool: Python | process: Transform data | edge_type: data_flow
2025-10-15 10:59:57.962 | LINEAGE  | leanage_logger:log_lineage:39 - [LINEAGE] source: Validation | target: Transform | tool: Python | process: Transform data | edge_type: data_flow
2025-10-15 10:59:57.963 | LINEAGE  | leanage_logger:log_lineage:39 - [LINEAGE] source: Transform | target: Database | tool: Python | process: Send to database | edge_type: data_flow
2025-10-15 10:59:57.963 | LINEAGE  | leanage_logger:log_lineage:39 - [LINEAGE] source: Transform | target: Database | tool: Python | process: Send to database | edge_type: data_flow
2025-10-15 10:59:57.963 | LINEAGE  | leanage_logger:log_lineage:39 - [LINEAGE] source: Transform | target: Database | tool: Python | process: Send to database | edge_type: data_flow
2025-10-15 10:59:57.978 | SUCCESS  | __main__:main:65 - Data successfully inserted into database - Period 2  - Start Date : 2025-01-03
2025-10-15 10:59:57.978 | SUCCESS  | __main__:main:65 - Data successfully inserted into database - Period 2  - Start Date : 2025-01-03
2025-10-15 10:59:57.978 | SUCCESS  | __main__:main:65 - Data successfully inserted into database - Period 2  - Start Date : 2025-01-03
2025-10-15 10:59:57.978 | LINEAGE  | leanage_logger:log_lineage:39 - [LINEAGE] source: OpenAQ | target: Requests | tool: Python | process: Requests from OpenAQ | edge_type: data_flow
2025-10-15 10:59:57.978 | LINEAGE  | leanage_logger:log_lineage:39 - [LINEAGE] source: OpenAQ | target: Requests | tool: Python | process: Requests from OpenAQ | edge_type: data_flow
2025-10-15 10:59:57.978 | LINEAGE  | leanage_logger:log_lineage:39 - [LINEAGE] source: OpenAQ | target: Requests | tool: Python | process: Requests from OpenAQ | edge_type: data_flow
2025-10-15 10:59:58.577 | LINEAGE  | leanage_logger:log_lineage:39 - [LINEAGE] source: Requests | target: Validation | tool: Python | process: Validation data | edge_type: data_flow
2025-10-15 10:59:58.577 | LINEAGE  | leanage_logger:log_lineage:39 - [LINEAGE] source: Requests | target: Validation | tool: Python | process: Validation data | edge_type: data_flow
2025-10-15 10:59:58.577 | LINEAGE  | leanage_logger:log_lineage:39 - [LINEAGE] source: Requests | target: Validation | tool: Python | process: Validation data | edge_type: data_flow
2025-10-15 10:59:58.578 | LINEAGE  | leanage_logger:log_lineage:39 - [LINEAGE] source: Validation | target: Transform | tool: Python | process: Transform data | edge_type: data_flow
2025-10-15 10:59:58.578 | LINEAGE  | leanage_logger:log_lineage:39 - [LINEAGE] source: Validation | target: Transform | tool: Python | process: Transform data | edge_type: data_flow
2025-10-15 10:59:58.578 | LINEAGE  | leanage_logger:log_lineage:39 - [LINEAGE] source: Validation | target: Transform | tool: Python | process: Transform data | edge_type: data_flow
2025-10-15 10:59:58.579 | LINEAGE  | leanage_logger:log_lineage:39 - [LINEAGE] source: Transform | target: Database | tool: Python | process: Send to database | edge_type: data_flow
2025-10-15 10:59:58.579 | LINEAGE  | leanage_logger:log_lineage:39 - [LINEAGE] source: Transform | target: Database | tool: Python | process: Send to database | edge_type: data_flow
2025-10-15 10:59:58.579 | LINEAGE  | leanage_logger:log_lineage:39 - [LINEAGE] source: Transform | target: Database | tool: Python | process: Send to database | edge_type: data_flow
2025-10-15 10:59:58.598 | SUCCESS  | __main__:main:65 - Data successfully inserted into database - Period 3  - Start Date : 2025-01-04
2025-10-15 10:59:58.598 | SUCCESS  | __main__:main:65 - Data successfully inserted into database - Period 3  - Start Date : 2025-01-04
2025-10-15 10:59:58.598 | SUCCESS  | __main__:main:65 - Data successfully inserted into database - Period 3  - Start Date : 2025-01-04
2025-10-15 10:59:58.599 | LINEAGE  | leanage_logger:log_lineage:39 - [LINEAGE] source: OpenAQ | target: Requests | tool: Python | process: Requests from OpenAQ | edge_type: data_flow
2025-10-15 10:59:58.599 | LINEAGE  | leanage_logger:log_lineage:39 - [LINEAGE] source: OpenAQ | target: Requests | tool: Python | process: Requests from OpenAQ | edge_type: data_flow
2025-10-15 10:59:58.599 | LINEAGE  | leanage_logger:log_lineage:39 - [LINEAGE] source: OpenAQ | target: Requests | tool: Python | process: Requests from OpenAQ | edge_type: data_flow
2025-10-15 10:59:58.987 | LINEAGE  | leanage_logger:log_lineage:39 - [LINEAGE] source: Requests | target: Validation | tool: Python | process: Validation data | edge_type: data_flow
2025-10-15 10:59:58.987 | LINEAGE  | leanage_logger:log_lineage:39 - [LINEAGE] source: Requests | target: Validation | tool: Python | process: Validation data | edge_type: data_flow
2025-10-15 10:59:58.987 | LINEAGE  | leanage_logger:log_lineage:39 - [LINEAGE] source: Requests | target: Validation | tool: Python | process: Validation data | edge_type: data_flow
2025-10-15 10:59:58.988 | LINEAGE  | leanage_logger:log_lineage:39 - [LINEAGE] source: Validation | target: Transform | tool: Python | process: Transform data | edge_type: data_flow
2025-10-15 10:59:58.988 | LINEAGE  | leanage_logger:log_lineage:39 - [LINEAGE] source: Validation | target: Transform | tool: Python | process: Transform data | edge_type: data_flow
2025-10-15 10:59:58.988 | LINEAGE  | leanage_logger:log_lineage:39 - [LINEAGE] source: Validation | target: Transform | tool: Python | process: Transform data | edge_type: data_flow
2025-10-15 10:59:58.989 | LINEAGE  | leanage_logger:log_lineage:39 - [LINEAGE] source: Transform | target: Database | tool: Python | process: Send to database | edge_type: data_flow
2025-10-15 10:59:58.989 | LINEAGE  | leanage_logger:log_lineage:39 - [LINEAGE] source: Transform | target: Database | tool: Python | process: Send to database | edge_type: data_flow
2025-10-15 10:59:58.989 | LINEAGE  | leanage_logger:log_lineage:39 - [LINEAGE] source: Transform | target: Database | tool: Python | process: Send to database | edge_type: data_flow
2025-10-15 10:59:59.010 | SUCCESS  | __main__:main:65 - Data successfully inserted into database - Period 4  - Start Date : 2025-01-05
2025-10-15 10:59:59.010 | SUCCESS  | __main__:main:65 - Data successfully inserted into database - Period 4  - Start Date : 2025-01-05
2025-10-15 10:59:59.010 | SUCCESS  | __main__:main:65 - Data successfully inserted into database - Period 4  - Start Date : 2025-01-05
2025-10-15 10:59:59.010 | LINEAGE  | leanage_logger:log_lineage:39 - [LINEAGE] source: OpenAQ | target: Requests | tool: Python | process: Requests from OpenAQ | edge_type: data_flow
2025-10-15 10:59:59.010 | LINEAGE  | leanage_logger:log_lineage:39 - [LINEAGE] source: OpenAQ | target: Requests | tool: Python | process: Requests from OpenAQ | edge_type: data_flow
2025-10-15 10:59:59.010 | LINEAGE  | leanage_logger:log_lineage:39 - [LINEAGE] source: OpenAQ | target: Requests | tool: Python | process: Requests from OpenAQ | edge_type: data_flow
2025-10-15 10:59:59.396 | LINEAGE  | leanage_logger:log_lineage:39 - [LINEAGE] source: Requests | target: Validation | tool: Python | process: Validation data | edge_type: data_flow
2025-10-15 10:59:59.396 | LINEAGE  | leanage_logger:log_lineage:39 - [LINEAGE] source: Requests | target: Validation | tool: Python | process: Validation data | edge_type: data_flow
2025-10-15 10:59:59.396 | LINEAGE  | leanage_logger:log_lineage:39 - [LINEAGE] source: Requests | target: Validation | tool: Python | process: Validation data | edge_type: data_flow
2025-10-15 10:59:59.398 | LINEAGE  | leanage_logger:log_lineage:39 - [LINEAGE] source: Validation | target: Transform | tool: Python | process: Transform data | edge_type: data_flow
2025-10-15 10:59:59.398 | LINEAGE  | leanage_logger:log_lineage:39 - [LINEAGE] source: Validation | target: Transform | tool: Python | process: Transform data | edge_type: data_flow
2025-10-15 10:59:59.398 | LINEAGE  | leanage_logger:log_lineage:39 - [LINEAGE] source: Validation | target: Transform | tool: Python | process: Transform data | edge_type: data_flow
2025-10-15 10:59:59.398 | LINEAGE  | leanage_logger:log_lineage:39 - [LINEAGE] source: Transform | target: Database | tool: Python | process: Send to database | edge_type: data_flow
2025-10-15 10:59:59.398 | LINEAGE  | leanage_logger:log_lineage:39 - [LINEAGE] source: Transform | target: Database | tool: Python | process: Send to database | edge_type: data_flow
2025-10-15 10:59:59.398 | LINEAGE  | leanage_logger:log_lineage:39 - [LINEAGE] source: Transform | target: Database | tool: Python | process: Send to database | edge_type: data_flow
2025-10-15 10:59:59.416 | SUCCESS  | __main__:main:65 - Data successfully inserted into database - Period 5  - Start Date : 2025-01-06
2025-10-15 10:59:59.416 | SUCCESS  | __main__:main:65 - Data successfully inserted into database - Period 5  - Start Date : 2025-01-06
2025-10-15 10:59:59.416 | SUCCESS  | __main__:main:65 - Data successfully inserted into database - Period 5  - Start Date : 2025-01-06
2025-10-15 10:59:59.416 | LINEAGE  | leanage_logger:log_lineage:39 - [LINEAGE] source: OpenAQ | target: Requests | tool: Python | process: Requests from OpenAQ | edge_type: data_flow
2025-10-15 10:59:59.416 | LINEAGE  | leanage_logger:log_lineage:39 - [LINEAGE] source: OpenAQ | target: Requests | tool: Python | process: Requests from OpenAQ | edge_type: data_flow
2025-10-15 10:59:59.416 | LINEAGE  | leanage_logger:log_lineage:39 - [LINEAGE] source: OpenAQ | target: Requests | tool: Python | process: Requests from OpenAQ | edge_type: data_flow
2025-10-15 10:59:59.806 | LINEAGE  | leanage_logger:log_lineage:39 - [LINEAGE] source: Requests | target: Validation | tool: Python | process: Validation data | edge_type: data_flow
2025-10-15 10:59:59.806 | LINEAGE  | leanage_logger:log_lineage:39 - [LINEAGE] source: Requests | target: Validation | tool: Python | process: Validation data | edge_type: data_flow
2025-10-15 10:59:59.806 | LINEAGE  | leanage_logger:log_lineage:39 - [LINEAGE] source: Requests | target: Validation | tool: Python | process: Validation data | edge_type: data_flow
2025-10-15 10:59:59.808 | LINEAGE  | leanage_logger:log_lineage:39 - [LINEAGE] source: Validation | target: Transform | tool: Python | process: Transform data | edge_type: data_flow
2025-10-15 10:59:59.808 | LINEAGE  | leanage_logger:log_lineage:39 - [LINEAGE] source: Validation | target: Transform | tool: Python | process: Transform data | edge_type: data_flow
2025-10-15 10:59:59.808 | LINEAGE  | leanage_logger:log_lineage:39 - [LINEAGE] source: Validation | target: Transform | tool: Python | process: Transform data | edge_type: data_flow
2025-10-15 10:59:59.808 | LINEAGE  | leanage_logger:log_lineage:39 - [LINEAGE] source: Transform | target: Database | tool: Python | process: Send to database | edge_type: data_flow
2025-10-15 10:59:59.808 | LINEAGE  | leanage_logger:log_lineage:39 - [LINEAGE] source: Transform | target: Database | tool: Python | process: Send to database | edge_type: data_flow
2025-10-15 10:59:59.808 | LINEAGE  | leanage_logger:log_lineage:39 - [LINEAGE] source: Transform | target: Database | tool: Python | process: Send to database | edge_type: data_flow
2025-10-15 10:59:59.826 | SUCCESS  | __main__:main:65 - Data successfully inserted into database - Period 6  - Start Date : 2025-01-07
2025-10-15 10:59:59.826 | SUCCESS  | __main__:main:65 - Data successfully inserted into database - Period 6  - Start Date : 2025-01-07
2025-10-15 10:59:59.826 | SUCCESS  | __main__:main:65 - Data successfully inserted into database - Period 6  - Start Date : 2025-01-07
2025-10-15 10:59:59.827 | LINEAGE  | leanage_logger:log_lineage:39 - [LINEAGE] source: OpenAQ | target: Requests | tool: Python | process: Requests from OpenAQ | edge_type: data_flow
2025-10-15 10:59:59.827 | LINEAGE  | leanage_logger:log_lineage:39 - [LINEAGE] source: OpenAQ | target: Requests | tool: Python | process: Requests from OpenAQ | edge_type: data_flow
2025-10-15 10:59:59.827 | LINEAGE  | leanage_logger:log_lineage:39 - [LINEAGE] source: OpenAQ | target: Requests | tool: Python | process: Requests from OpenAQ | edge_type: data_flow
2025-10-15 11:00:00.317 | LINEAGE  | leanage_logger:log_lineage:39 - [LINEAGE] source: Requests | target: Validation | tool: Python | process: Validation data | edge_type: data_flow
2025-10-15 11:00:00.317 | LINEAGE  | leanage_logger:log_lineage:39 - [LINEAGE] source: Requests | target: Validation | tool: Python | process: Validation data | edge_type: data_flow
2025-10-15 11:00:00.317 | LINEAGE  | leanage_logger:log_lineage:39 - [LINEAGE] source: Requests | target: Validation | tool: Python | process: Validation data | edge_type: data_flow
2025-10-15 11:00:00.318 | LINEAGE  | leanage_logger:log_lineage:39 - [LINEAGE] source: Validation | target: Transform | tool: Python | process: Transform data | edge_type: data_flow
2025-10-15 11:00:00.318 | LINEAGE  | leanage_logger:log_lineage:39 - [LINEAGE] source: Validation | target: Transform | tool: Python | process: Transform data | edge_type: data_flow
2025-10-15 11:00:00.318 | LINEAGE  | leanage_logger:log_lineage:39 - [LINEAGE] source: Validation | target: Transform | tool: Python | process: Transform data | edge_type: data_flow
2025-10-15 11:00:00.318 | LINEAGE  | leanage_logger:log_lineage:39 - [LINEAGE] source: Transform | target: Database | tool: Python | process: Send to database | edge_type: data_flow
2025-10-15 11:00:00.318 | LINEAGE  | leanage_logger:log_lineage:39 - [LINEAGE] source: Transform | target: Database | tool: Python | process: Send to database | edge_type: data_flow
2025-10-15 11:00:00.318 | LINEAGE  | leanage_logger:log_lineage:39 - [LINEAGE] source: Transform | target: Database | tool: Python | process: Send to database | edge_type: data_flow
2025-10-15 11:00:00.330 | SUCCESS  | __main__:main:65 - Data successfully inserted into database - Period 7  - Start Date : 2025-01-08
2025-10-15 11:00:00.330 | SUCCESS  | __main__:main:65 - Data successfully inserted into database - Period 7  - Start Date : 2025-01-08
2025-10-15 11:00:00.330 | SUCCESS  | __main__:main:65 - Data successfully inserted into database - Period 7  - Start Date : 2025-01-08
2025-10-15 11:00:00.330 | LINEAGE  | leanage_logger:log_lineage:39 - [LINEAGE] source: OpenAQ | target: Requests | tool: Python | process: Requests from OpenAQ | edge_type: data_flow
2025-10-15 11:00:00.330 | LINEAGE  | leanage_logger:log_lineage:39 - [LINEAGE] source: OpenAQ | target: Requests | tool: Python | process: Requests from OpenAQ | edge_type: data_flow
2025-10-15 11:00:00.330 | LINEAGE  | leanage_logger:log_lineage:39 - [LINEAGE] source: OpenAQ | target: Requests | tool: Python | process: Requests from OpenAQ | edge_type: data_flow
2025-10-15 11:00:00.727 | LINEAGE  | leanage_logger:log_lineage:39 - [LINEAGE] source: Requests | target: Validation | tool: Python | process: Validation data | edge_type: data_flow
2025-10-15 11:00:00.727 | LINEAGE  | leanage_logger:log_lineage:39 - [LINEAGE] source: Requests | target: Validation | tool: Python | process: Validation data | edge_type: data_flow
2025-10-15 11:00:00.727 | LINEAGE  | leanage_logger:log_lineage:39 - [LINEAGE] source: Requests | target: Validation | tool: Python | process: Validation data | edge_type: data_flow
2025-10-15 11:00:00.729 | LINEAGE  | leanage_logger:log_lineage:39 - [LINEAGE] source: Validation | target: Transform | tool: Python | process: Transform data | edge_type: data_flow
2025-10-15 11:00:00.729 | LINEAGE  | leanage_logger:log_lineage:39 - [LINEAGE] source: Validation | target: Transform | tool: Python | process: Transform data | edge_type: data_flow
2025-10-15 11:00:00.729 | LINEAGE  | leanage_logger:log_lineage:39 - [LINEAGE] source: Validation | target: Transform | tool: Python | process: Transform data | edge_type: data_flow
2025-10-15 11:00:00.729 | LINEAGE  | leanage_logger:log_lineage:39 - [LINEAGE] source: Transform | target: Database | tool: Python | process: Send to database | edge_type: data_flow
2025-10-15 11:00:00.729 | LINEAGE  | leanage_logger:log_lineage:39 - [LINEAGE] source: Transform | target: Database | tool: Python | process: Send to database | edge_type: data_flow
2025-10-15 11:00:00.729 | LINEAGE  | leanage_logger:log_lineage:39 - [LINEAGE] source: Transform | target: Database | tool: Python | process: Send to database | edge_type: data_flow
2025-10-15 11:00:00.746 | SUCCESS  | __main__:main:65 - Data successfully inserted into database - Period 8  - Start Date : 2025-01-09
2025-10-15 11:00:00.746 | SUCCESS  | __main__:main:65 - Data successfully inserted into database - Period 8  - Start Date : 2025-01-09
2025-10-15 11:00:00.746 | SUCCESS  | __main__:main:65 - Data successfully inserted into database - Period 8  - Start Date : 2025-01-09
2025-10-15 11:00:00.746 | LINEAGE  | leanage_logger:log_lineage:39 - [LINEAGE] source: OpenAQ | target: Requests | tool: Python | process: Requests from OpenAQ | edge_type: data_flow
2025-10-15 11:00:00.746 | LINEAGE  | leanage_logger:log_lineage:39 - [LINEAGE] source: OpenAQ | target: Requests | tool: Python | process: Requests from OpenAQ | edge_type: data_flow
2025-10-15 11:00:00.746 | LINEAGE  | leanage_logger:log_lineage:39 - [LINEAGE] source: OpenAQ | target: Requests | tool: Python | process: Requests from OpenAQ | edge_type: data_flow
2025-10-15 11:00:01.137 | LINEAGE  | leanage_logger:log_lineage:39 - [LINEAGE] source: Requests | target: Validation | tool: Python | process: Validation data | edge_type: data_flow
2025-10-15 11:00:01.137 | LINEAGE  | leanage_logger:log_lineage:39 - [LINEAGE] source: Requests | target: Validation | tool: Python | process: Validation data | edge_type: data_flow
2025-10-15 11:00:01.137 | LINEAGE  | leanage_logger:log_lineage:39 - [LINEAGE] source: Requests | target: Validation | tool: Python | process: Validation data | edge_type: data_flow
2025-10-15 11:00:01.139 | LINEAGE  | leanage_logger:log_lineage:39 - [LINEAGE] source: Validation | target: Transform | tool: Python | process: Transform data | edge_type: data_flow
2025-10-15 11:00:01.139 | LINEAGE  | leanage_logger:log_lineage:39 - [LINEAGE] source: Validation | target: Transform | tool: Python | process: Transform data | edge_type: data_flow
2025-10-15 11:00:01.139 | LINEAGE  | leanage_logger:log_lineage:39 - [LINEAGE] source: Validation | target: Transform | tool: Python | process: Transform data | edge_type: data_flow
2025-10-15 11:00:01.140 | LINEAGE  | leanage_logger:log_lineage:39 - [LINEAGE] source: Transform | target: Database | tool: Python | process: Send to database | edge_type: data_flow
2025-10-15 11:00:01.140 | LINEAGE  | leanage_logger:log_lineage:39 - [LINEAGE] source: Transform | target: Database | tool: Python | process: Send to database | edge_type: data_flow
2025-10-15 11:00:01.140 | LINEAGE  | leanage_logger:log_lineage:39 - [LINEAGE] source: Transform | target: Database | tool: Python | process: Send to database | edge_type: data_flow
2025-10-15 11:00:01.157 | SUCCESS  | __main__:main:65 - Data successfully inserted into database - Period 9  - Start Date : 2025-01-10
2025-10-15 11:00:01.157 | SUCCESS  | __main__:main:65 - Data successfully inserted into database - Period 9  - Start Date : 2025-01-10
2025-10-15 11:00:01.157 | SUCCESS  | __main__:main:65 - Data successfully inserted into database - Period 9  - Start Date : 2025-01-10
2025-10-15 11:00:01.157 | LINEAGE  | leanage_logger:log_lineage:39 - [LINEAGE] source: OpenAQ | target: Requests | tool: Python | process: Requests from OpenAQ | edge_type: data_flow
2025-10-15 11:00:01.157 | LINEAGE  | leanage_logger:log_lineage:39 - [LINEAGE] source: OpenAQ | target: Requests | tool: Python | process: Requests from OpenAQ | edge_type: data_flow
2025-10-15 11:00:01.157 | LINEAGE  | leanage_logger:log_lineage:39 - [LINEAGE] source: OpenAQ | target: Requests | tool: Python | process: Requests from OpenAQ | edge_type: data_flow
2025-10-15 11:00:01.546 | LINEAGE  | leanage_logger:log_lineage:39 - [LINEAGE] source: Requests | target: Validation | tool: Python | process: Validation data | edge_type: data_flow
2025-10-15 11:00:01.546 | LINEAGE  | leanage_logger:log_lineage:39 - [LINEAGE] source: Requests | target: Validation | tool: Python | process: Validation data | edge_type: data_flow
2025-10-15 11:00:01.546 | LINEAGE  | leanage_logger:log_lineage:39 - [LINEAGE] source: Requests | target: Validation | tool: Python | process: Validation data | edge_type: data_flow
2025-10-15 11:00:01.548 | LINEAGE  | leanage_logger:log_lineage:39 - [LINEAGE] source: Validation | target: Transform | tool: Python | process: Transform data | edge_type: data_flow
2025-10-15 11:00:01.548 | LINEAGE  | leanage_logger:log_lineage:39 - [LINEAGE] source: Validation | target: Transform | tool: Python | process: Transform data | edge_type: data_flow
2025-10-15 11:00:01.548 | LINEAGE  | leanage_logger:log_lineage:39 - [LINEAGE] source: Validation | target: Transform | tool: Python | process: Transform data | edge_type: data_flow
2025-10-15 11:00:01.548 | LINEAGE  | leanage_logger:log_lineage:39 - [LINEAGE] source: Transform | target: Database | tool: Python | process: Send to database | edge_type: data_flow
2025-10-15 11:00:01.548 | LINEAGE  | leanage_logger:log_lineage:39 - [LINEAGE] source: Transform | target: Database | tool: Python | process: Send to database | edge_type: data_flow
2025-10-15 11:00:01.548 | LINEAGE  | leanage_logger:log_lineage:39 - [LINEAGE] source: Transform | target: Database | tool: Python | process: Send to database | edge_type: data_flow
2025-10-15 11:00:01.566 | SUCCESS  | __main__:main:65 - Data successfully inserted into database - Period 10  - Start Date : 2025-01-11
2025-10-15 11:00:01.566 | SUCCESS  | __main__:main:65 - Data successfully inserted into database - Period 10  - Start Date : 2025-01-11
2025-10-15 11:00:01.566 | SUCCESS  | __main__:main:65 - Data successfully inserted into database - Period 10  - Start Date : 2025-01-11
